<?xml version="1.0" encoding="UTF-8"?>
<coverage generated="1521058602">
  <project timestamp="1521058602">
    <file name="D:\Projects\analytics-php\lib/Segment.php">
      <class name="Segment" namespace="global">
        <metrics methods="11" coveredmethods="10" conditionals="0" coveredconditionals="0" statements="38" coveredstatements="35" elements="49" coveredelements="45"/>
      </class>
      <line num="19" type="method" name="init" crap="1" count="18"/>
      <line num="20" type="stmt" count="18"/>
      <line num="21" type="stmt" count="18"/>
      <line num="22" type="stmt" count="18"/>
      <line num="30" type="method" name="track" crap="1" count="6"/>
      <line num="31" type="stmt" count="6"/>
      <line num="32" type="stmt" count="6"/>
      <line num="33" type="stmt" count="6"/>
      <line num="34" type="stmt" count="6"/>
      <line num="35" type="stmt" count="6"/>
      <line num="44" type="method" name="identify" crap="1" count="3"/>
      <line num="45" type="stmt" count="3"/>
      <line num="46" type="stmt" count="3"/>
      <line num="47" type="stmt" count="3"/>
      <line num="48" type="stmt" count="3"/>
      <line num="57" type="method" name="group" crap="1" count="5"/>
      <line num="58" type="stmt" count="5"/>
      <line num="59" type="stmt" count="5"/>
      <line num="60" type="stmt" count="5"/>
      <line num="61" type="stmt" count="5"/>
      <line num="62" type="stmt" count="4"/>
      <line num="71" type="method" name="page" crap="1" count="5"/>
      <line num="72" type="stmt" count="5"/>
      <line num="73" type="stmt" count="5"/>
      <line num="74" type="stmt" count="5"/>
      <line num="83" type="method" name="screen" crap="1" count="2"/>
      <line num="84" type="stmt" count="2"/>
      <line num="85" type="stmt" count="2"/>
      <line num="86" type="stmt" count="2"/>
      <line num="95" type="method" name="alias" crap="2" count="1"/>
      <line num="96" type="stmt" count="1"/>
      <line num="97" type="stmt" count="1"/>
      <line num="98" type="stmt" count="1"/>
      <line num="99" type="stmt" count="1"/>
      <line num="100" type="stmt" count="1"/>
      <line num="109" type="method" name="validate" crap="2" count="17"/>
      <line num="110" type="stmt" count="17"/>
      <line num="111" type="stmt" count="17"/>
      <line num="112" type="stmt" count="17"/>
      <line num="113" type="stmt" count="16"/>
      <line num="119" type="method" name="flush" crap="2" count="0"/>
      <line num="120" type="stmt" count="0"/>
      <line num="121" type="stmt" count="0"/>
      <line num="129" type="method" name="checkClient" crap="2.50" count="18"/>
      <line num="130" type="stmt" count="18"/>
      <line num="131" type="stmt" count="0"/>
      <line num="141" type="method" name="assert" crap="2" count="18"/>
      <line num="142" type="stmt" count="18"/>
      <line num="143" type="stmt" count="18"/>
      <metrics loc="145" ncloc="83" classes="1" methods="11" coveredmethods="9" conditionals="0" coveredconditionals="0" statements="38" coveredstatements="35" elements="49" coveredelements="44"/>
    </file>
    <file name="D:\Projects\analytics-php\lib/Segment/Client.php">
      <class name="Segment_Client" namespace="global" fullPackage="Segment">
        <metrics methods="13" coveredmethods="13" conditionals="0" coveredconditionals="0" statements="69" coveredstatements="67" elements="82" coveredelements="80"/>
      </class>
      <line num="24" type="method" name="__construct" crap="2" count="51"/>
      <line num="27" type="stmt" count="51"/>
      <line num="28" type="stmt" count="51"/>
      <line num="29" type="stmt" count="51"/>
      <line num="31" type="stmt" count="51"/>
      <line num="34" type="stmt" count="51"/>
      <line num="35" type="stmt" count="51"/>
      <line num="37" type="stmt" count="51"/>
      <line num="39" type="stmt" count="51"/>
      <line num="41" type="stmt" count="51"/>
      <line num="43" type="method" name="__destruct" crap="1" count="25"/>
      <line num="44" type="stmt" count="25"/>
      <line num="45" type="stmt" count="25"/>
      <line num="53" type="method" name="track" crap="1" count="19"/>
      <line num="54" type="stmt" count="19"/>
      <line num="55" type="stmt" count="19"/>
      <line num="56" type="stmt" count="19"/>
      <line num="65" type="method" name="identify" crap="1" count="8"/>
      <line num="66" type="stmt" count="8"/>
      <line num="67" type="stmt" count="8"/>
      <line num="68" type="stmt" count="8"/>
      <line num="77" type="method" name="group" crap="1" count="8"/>
      <line num="78" type="stmt" count="8"/>
      <line num="79" type="stmt" count="8"/>
      <line num="80" type="stmt" count="8"/>
      <line num="89" type="method" name="page" crap="1" count="11"/>
      <line num="90" type="stmt" count="11"/>
      <line num="91" type="stmt" count="11"/>
      <line num="92" type="stmt" count="11"/>
      <line num="101" type="method" name="screen" crap="1" count="4"/>
      <line num="102" type="stmt" count="4"/>
      <line num="103" type="stmt" count="4"/>
      <line num="104" type="stmt" count="4"/>
      <line num="113" type="method" name="alias" crap="1" count="5"/>
      <line num="114" type="stmt" count="5"/>
      <line num="115" type="stmt" count="5"/>
      <line num="116" type="stmt" count="5"/>
      <line num="123" type="method" name="flush" crap="2.15" count="2"/>
      <line num="124" type="stmt" count="2"/>
      <line num="125" type="stmt" count="2"/>
      <line num="127" type="stmt" count="0"/>
      <line num="143" type="method" name="formatTime" crap="7.03" count="50"/>
      <line num="145" type="stmt" count="50"/>
      <line num="146" type="stmt" count="50"/>
      <line num="149" type="stmt" count="3"/>
      <line num="150" type="stmt" count="1"/>
      <line num="151" type="stmt" count="1"/>
      <line num="153" type="stmt" count="0"/>
      <line num="158" type="stmt" count="3"/>
      <line num="159" type="stmt" count="3"/>
      <line num="162" type="stmt" count="3"/>
      <line num="163" type="stmt" count="3"/>
      <line num="164" type="stmt" count="3"/>
      <line num="165" type="stmt" count="3"/>
      <line num="176" type="method" name="message" crap="7" count="50"/>
      <line num="177" type="stmt" count="50"/>
      <line num="178" type="stmt" count="50"/>
      <line num="180" type="stmt" count="50"/>
      <line num="181" type="stmt" count="48"/>
      <line num="182" type="stmt" count="48"/>
      <line num="183" type="stmt" count="50"/>
      <line num="185" type="stmt" count="50"/>
      <line num="186" type="stmt" count="50"/>
      <line num="187" type="stmt" count="50"/>
      <line num="188" type="stmt" count="50"/>
      <line num="199" type="method" name="messageId" crap="1" count="50"/>
      <line num="200" type="stmt" count="50"/>
      <line num="201" type="stmt" count="50"/>
      <line num="202" type="stmt" count="50"/>
      <line num="203" type="stmt" count="50"/>
      <line num="204" type="stmt" count="50"/>
      <line num="205" type="stmt" count="50"/>
      <line num="206" type="stmt" count="50"/>
      <line num="207" type="stmt" count="50"/>
      <line num="208" type="stmt" count="50"/>
      <line num="215" type="method" name="getDefaultContext" crap="1" count="50"/>
      <line num="216" type="stmt" count="50"/>
      <line num="219" type="stmt" count="50"/>
      <line num="220" type="stmt" count="50"/>
      <line num="221" type="stmt" count="50"/>
      <line num="222" type="stmt" count="50"/>
      <line num="223" type="stmt" count="50"/>
      <metrics loc="225" ncloc="135" classes="1" methods="13" coveredmethods="11" conditionals="0" coveredconditionals="0" statements="69" coveredstatements="67" elements="82" coveredelements="78"/>
    </file>
    <file name="D:\Projects\analytics-php\lib/Segment/Consumer.php">
      <class name="Segment_Consumer" namespace="global" fullPackage="Segment">
        <metrics methods="10" coveredmethods="4" conditionals="0" coveredconditionals="0" statements="13" coveredstatements="10" elements="23" coveredelements="14"/>
      </class>
      <line num="14" type="method" name="__construct" crap="1" count="51"/>
      <line num="15" type="stmt" count="51"/>
      <line num="16" type="stmt" count="51"/>
      <line num="17" type="stmt" count="51"/>
      <line num="26" type="method" name="track" crap="1" count="0"/>
      <line num="34" type="method" name="identify" crap="1" count="0"/>
      <line num="42" type="method" name="group" crap="1" count="0"/>
      <line num="50" type="method" name="page" crap="1" count="0"/>
      <line num="58" type="method" name="screen" crap="1" count="0"/>
      <line num="66" type="method" name="alias" crap="1" count="0"/>
      <line num="72" type="method" name="debug" crap="2" count="11"/>
      <line num="73" type="stmt" count="11"/>
      <line num="82" type="method" name="ssl" crap="2" count="22"/>
      <line num="83" type="stmt" count="22"/>
      <line num="93" type="method" name="handleError" crap="3.47" count="10"/>
      <line num="95" type="stmt" count="10"/>
      <line num="96" type="stmt" count="1"/>
      <line num="97" type="stmt" count="1"/>
      <line num="98" type="stmt" count="0"/>
      <line num="100" type="stmt" count="9"/>
      <line num="101" type="stmt" count="0"/>
      <line num="102" type="stmt" count="0"/>
      <line num="103" type="stmt" count="9"/>
      <metrics loc="104" ncloc="47" classes="1" methods="4" coveredmethods="3" conditionals="0" coveredconditionals="0" statements="13" coveredstatements="10" elements="17" coveredelements="13"/>
    </file>
    <file name="D:\Projects\analytics-php\lib/Segment/Consumer/File.php">
      <class name="Segment_Consumer_File" namespace="global" fullPackage="Segment.Consumer">
        <metrics methods="10" coveredmethods="10" conditionals="0" coveredconditionals="0" statements="25" coveredstatements="19" elements="35" coveredelements="29"/>
      </class>
      <line num="9" type="method" name="getConsumer" crap="1" count="8"/>
      <line num="10" type="stmt" count="8"/>
      <line num="19" type="method" name="__construct" crap="3.02" count="8"/>
      <line num="21" type="stmt" count="8"/>
      <line num="22" type="stmt" count="8"/>
      <line num="24" type="stmt" count="8"/>
      <line num="27" type="stmt" count="8"/>
      <line num="28" type="stmt" count="0"/>
      <line num="29" type="stmt" count="8"/>
      <line num="30" type="stmt" count="8"/>
      <line num="32" type="stmt" count="8"/>
      <line num="34" type="method" name="__destruct" crap="3.58" count="1"/>
      <line num="35" type="stmt" count="1"/>
      <line num="36" type="stmt" count="1"/>
      <line num="37" type="stmt" count="0"/>
      <line num="38" type="stmt" count="0"/>
      <line num="39" type="stmt" count="1"/>
      <line num="47" type="method" name="track" crap="1" count="3"/>
      <line num="48" type="stmt" count="3"/>
      <line num="57" type="method" name="identify" crap="1" count="1"/>
      <line num="58" type="stmt" count="1"/>
      <line num="67" type="method" name="group" crap="1" count="1"/>
      <line num="68" type="stmt" count="1"/>
      <line num="77" type="method" name="page" crap="1" count="1"/>
      <line num="78" type="stmt" count="1"/>
      <line num="87" type="method" name="screen" crap="1" count="1"/>
      <line num="88" type="stmt" count="1"/>
      <line num="97" type="method" name="alias" crap="1" count="1"/>
      <line num="98" type="stmt" count="1"/>
      <line num="106" type="method" name="write" crap="2.86" count="8"/>
      <line num="108" type="stmt" count="8"/>
      <line num="109" type="stmt" count="8"/>
      <line num="111" type="stmt" count="0"/>
      <line num="112" type="stmt" count="0"/>
      <line num="114" type="stmt" count="0"/>
      <metrics loc="116" ncloc="67" classes="1" methods="10" coveredmethods="7" conditionals="0" coveredconditionals="0" statements="25" coveredstatements="19" elements="35" coveredelements="26"/>
    </file>
    <file name="D:\Projects\analytics-php\lib/Segment/Consumer/ForkCurl.php">
      <class name="Segment_Consumer_ForkCurl" namespace="global" fullPackage="Segment.Consumer">
        <metrics methods="3" coveredmethods="2" conditionals="0" coveredconditionals="0" statements="33" coveredstatements="3" elements="36" coveredelements="5"/>
      </class>
      <line num="8" type="method" name="getConsumer" crap="1" count="6"/>
      <line num="9" type="stmt" count="6"/>
      <line num="22" type="method" name="__construct" crap="1" count="6"/>
      <line num="23" type="stmt" count="6"/>
      <line num="24" type="stmt" count="6"/>
      <line num="32" type="method" name="flushBatch" crap="56" count="0"/>
      <line num="34" type="stmt" count="0"/>
      <line num="35" type="stmt" count="0"/>
      <line num="38" type="stmt" count="0"/>
      <line num="39" type="stmt" count="0"/>
      <line num="41" type="stmt" count="0"/>
      <line num="42" type="stmt" count="0"/>
      <line num="43" type="stmt" count="0"/>
      <line num="45" type="stmt" count="0"/>
      <line num="46" type="stmt" count="0"/>
      <line num="47" type="stmt" count="0"/>
      <line num="49" type="stmt" count="0"/>
      <line num="50" type="stmt" count="0"/>
      <line num="53" type="stmt" count="0"/>
      <line num="54" type="stmt" count="0"/>
      <line num="55" type="stmt" count="0"/>
      <line num="56" type="stmt" count="0"/>
      <line num="57" type="stmt" count="0"/>
      <line num="58" type="stmt" count="0"/>
      <line num="62" type="stmt" count="0"/>
      <line num="63" type="stmt" count="0"/>
      <line num="64" type="stmt" count="0"/>
      <line num="65" type="stmt" count="0"/>
      <line num="67" type="stmt" count="0"/>
      <line num="68" type="stmt" count="0"/>
      <line num="69" type="stmt" count="0"/>
      <line num="71" type="stmt" count="0"/>
      <line num="73" type="stmt" count="0"/>
      <line num="74" type="stmt" count="0"/>
      <line num="75" type="stmt" count="0"/>
      <line num="77" type="stmt" count="0"/>
      <metrics loc="79" ncloc="56" classes="1" methods="3" coveredmethods="2" conditionals="0" coveredconditionals="0" statements="33" coveredstatements="3" elements="36" coveredelements="5"/>
    </file>
    <file name="D:\Projects\analytics-php\lib/Segment/Consumer/LibCurl.php">
      <class name="Segment_Consumer_LibCurl" namespace="global" fullPackage="Segment.Consumer">
        <metrics methods="4" coveredmethods="4" conditionals="0" coveredconditionals="0" statements="51" coveredstatements="42" elements="55" coveredelements="46"/>
      </class>
      <line num="8" type="method" name="getConsumer" crap="1" count="24"/>
      <line num="9" type="stmt" count="24"/>
      <line num="20" type="method" name="__construct" crap="1" count="25"/>
      <line num="21" type="stmt" count="25"/>
      <line num="22" type="stmt" count="25"/>
      <line num="31" type="method" name="flushBatch" crap="11.97" count="17"/>
      <line num="33" type="stmt" count="17"/>
      <line num="34" type="stmt" count="17"/>
      <line num="35" type="stmt" count="17"/>
      <line num="38" type="stmt" count="17"/>
      <line num="39" type="stmt" count="1"/>
      <line num="40" type="stmt" count="1"/>
      <line num="41" type="stmt" count="1"/>
      <line num="42" type="stmt" count="1"/>
      <line num="43" type="stmt" count="1"/>
      <line num="46" type="stmt" count="16"/>
      <line num="47" type="stmt" count="16"/>
      <line num="48" type="stmt" count="16"/>
      <line num="50" type="stmt" count="16"/>
      <line num="51" type="stmt" count="16"/>
      <line num="52" type="stmt" count="16"/>
      <line num="54" type="stmt" count="16"/>
      <line num="56" type="stmt" count="16"/>
      <line num="57" type="stmt" count="16"/>
      <line num="60" type="stmt" count="16"/>
      <line num="63" type="stmt" count="16"/>
      <line num="64" type="stmt" count="16"/>
      <line num="67" type="stmt" count="16"/>
      <line num="68" type="stmt" count="16"/>
      <line num="71" type="stmt" count="16"/>
      <line num="72" type="stmt" count="16"/>
      <line num="73" type="stmt" count="16"/>
      <line num="74" type="stmt" count="16"/>
      <line num="76" type="stmt" count="16"/>
      <line num="77" type="stmt" count="16"/>
      <line num="78" type="stmt" count="16"/>
      <line num="81" type="stmt" count="16"/>
      <line num="84" type="stmt" count="16"/>
      <line num="86" type="stmt" count="16"/>
      <line num="88" type="stmt" count="16"/>
      <line num="90" type="stmt" count="0"/>
      <line num="92" type="stmt" count="0"/>
      <line num="96" type="stmt" count="0"/>
      <line num="97" type="stmt" count="0"/>
      <line num="98" type="stmt" count="0"/>
      <line num="99" type="stmt" count="0"/>
      <line num="100" type="stmt" count="0"/>
      <line num="102" type="stmt" count="0"/>
      <line num="104" type="stmt" count="16"/>
      <line num="106" type="stmt" count="0"/>
      <line num="110" type="stmt" count="16"/>
      <line num="113" type="method" name="executePost" crap="1" count="16"/>
      <line num="115" type="stmt" count="16"/>
      <line num="116" type="stmt" count="16"/>
      <line num="117" type="stmt" count="16"/>
      <metrics loc="120" ncloc="77" classes="1" methods="4" coveredmethods="3" conditionals="0" coveredconditionals="0" statements="51" coveredstatements="42" elements="55" coveredelements="45"/>
    </file>
    <file name="D:\Projects\analytics-php\lib/Segment/Consumer/Socket.php">
      <class name="Segment_Consumer_Socket" namespace="global" fullPackage="Segment.Consumer">
        <metrics methods="7" coveredmethods="7" conditionals="0" coveredconditionals="0" statements="98" coveredstatements="78" elements="105" coveredelements="85"/>
      </class>
      <line num="9" type="method" name="getConsumer" crap="1" count="12"/>
      <line num="10" type="stmt" count="12"/>
      <line num="21" type="method" name="__construct" crap="3" count="12"/>
      <line num="23" type="stmt" count="12"/>
      <line num="24" type="stmt" count="12"/>
      <line num="26" type="stmt" count="12"/>
      <line num="27" type="stmt" count="12"/>
      <line num="29" type="stmt" count="12"/>
      <line num="30" type="stmt" count="12"/>
      <line num="33" type="method" name="flushBatch" crap="3" count="6"/>
      <line num="34" type="stmt" count="6"/>
      <line num="36" type="stmt" count="5"/>
      <line num="37" type="stmt" count="5"/>
      <line num="39" type="stmt" count="4"/>
      <line num="40" type="stmt" count="4"/>
      <line num="42" type="stmt" count="4"/>
      <line num="43" type="stmt" count="4"/>
      <line num="44" type="stmt" count="4"/>
      <line num="46" type="stmt" count="3"/>
      <line num="50" type="method" name="createSocket" crap="6.06" count="6"/>
      <line num="52" type="stmt" count="6"/>
      <line num="53" type="stmt" count="6"/>
      <line num="55" type="stmt" count="6"/>
      <line num="56" type="stmt" count="6"/>
      <line num="57" type="stmt" count="6"/>
      <line num="58" type="stmt" count="6"/>
      <line num="63" type="stmt" count="6"/>
      <line num="64" type="stmt" count="6"/>
      <line num="67" type="stmt" count="6"/>
      <line num="68" type="stmt" count="2"/>
      <line num="69" type="stmt" count="1"/>
      <line num="70" type="stmt" count="1"/>
      <line num="73" type="stmt" count="4"/>
      <line num="75" type="stmt" count="1"/>
      <line num="76" type="stmt" count="1"/>
      <line num="77" type="stmt" count="0"/>
      <line num="78" type="stmt" count="0"/>
      <line num="89" type="method" name="makeRequest" crap="41.17" count="3"/>
      <line num="91" type="stmt" count="3"/>
      <line num="92" type="stmt" count="3"/>
      <line num="93" type="stmt" count="3"/>
      <line num="96" type="stmt" count="3"/>
      <line num="98" type="stmt" count="3"/>
      <line num="100" type="stmt" count="3"/>
      <line num="103" type="stmt" count="3"/>
      <line num="104" type="stmt" count="3"/>
      <line num="105" type="stmt" count="0"/>
      <line num="106" type="stmt" count="0"/>
      <line num="108" type="stmt" count="3"/>
      <line num="109" type="stmt" count="0"/>
      <line num="110" type="stmt" count="0"/>
      <line num="111" type="stmt" count="3"/>
      <line num="113" type="stmt" count="3"/>
      <line num="116" type="stmt" count="3"/>
      <line num="117" type="stmt" count="3"/>
      <line num="119" type="stmt" count="3"/>
      <line num="120" type="stmt" count="3"/>
      <line num="121" type="stmt" count="3"/>
      <line num="122" type="stmt" count="3"/>
      <line num="123" type="stmt" count="3"/>
      <line num="124" type="stmt" count="3"/>
      <line num="127" type="stmt" count="3"/>
      <line num="128" type="stmt" count="3"/>
      <line num="133" type="stmt" count="0"/>
      <line num="134" type="stmt" count="0"/>
      <line num="135" type="stmt" count="0"/>
      <line num="137" type="stmt" count="0"/>
      <line num="138" type="stmt" count="0"/>
      <line num="139" type="stmt" count="0"/>
      <line num="140" type="stmt" count="0"/>
      <line num="141" type="stmt" count="0"/>
      <line num="142" type="stmt" count="0"/>
      <line num="143" type="stmt" count="0"/>
      <line num="147" type="stmt" count="0"/>
      <line num="148" type="stmt" count="0"/>
      <line num="149" type="stmt" count="0"/>
      <line num="151" type="stmt" count="0"/>
      <line num="161" type="method" name="createBody" crap="3" count="4"/>
      <line num="163" type="stmt" count="4"/>
      <line num="164" type="stmt" count="4"/>
      <line num="165" type="stmt" count="4"/>
      <line num="166" type="stmt" count="4"/>
      <line num="167" type="stmt" count="4"/>
      <line num="168" type="stmt" count="4"/>
      <line num="171" type="stmt" count="4"/>
      <line num="172" type="stmt" count="4"/>
      <line num="173" type="stmt" count="4"/>
      <line num="174" type="stmt" count="4"/>
      <line num="175" type="stmt" count="4"/>
      <line num="177" type="stmt" count="4"/>
      <line num="178" type="stmt" count="4"/>
      <line num="179" type="stmt" count="4"/>
      <line num="182" type="stmt" count="4"/>
      <line num="183" type="stmt" count="1"/>
      <line num="184" type="stmt" count="1"/>
      <line num="185" type="stmt" count="1"/>
      <line num="186" type="stmt" count="1"/>
      <line num="187" type="stmt" count="1"/>
      <line num="190" type="stmt" count="3"/>
      <line num="201" type="method" name="parseResponse" crap="2" count="3"/>
      <line num="203" type="stmt" count="3"/>
      <line num="207" type="stmt" count="3"/>
      <line num="208" type="stmt" count="3"/>
      <line num="211" type="stmt" count="3"/>
      <line num="213" type="stmt" count="3"/>
      <metrics loc="215" ncloc="151" classes="1" methods="7" coveredmethods="5" conditionals="0" coveredconditionals="0" statements="98" coveredstatements="78" elements="105" coveredelements="83"/>
    </file>
    <file name="D:\Projects\analytics-php\lib/Segment/QueueConsumer.php">
      <class name="Segment_QueueConsumer" namespace="global" fullPackage="Segment">
        <metrics methods="12" coveredmethods="11" conditionals="0" coveredconditionals="0" statements="35" coveredstatements="33" elements="47" coveredelements="44"/>
      </class>
      <line num="17" type="method" name="__construct" crap="4" count="43"/>
      <line num="18" type="stmt" count="43"/>
      <line num="20" type="stmt" count="43"/>
      <line num="21" type="stmt" count="43"/>
      <line num="23" type="stmt" count="43"/>
      <line num="24" type="stmt" count="43"/>
      <line num="26" type="stmt" count="43"/>
      <line num="27" type="stmt" count="43"/>
      <line num="29" type="stmt" count="43"/>
      <line num="30" type="stmt" count="43"/>
      <line num="32" type="method" name="__destruct" crap="1" count="24"/>
      <line num="34" type="stmt" count="24"/>
      <line num="35" type="stmt" count="24"/>
      <line num="43" type="method" name="track" crap="1" count="16"/>
      <line num="44" type="stmt" count="16"/>
      <line num="53" type="method" name="identify" crap="1" count="7"/>
      <line num="54" type="stmt" count="7"/>
      <line num="63" type="method" name="group" crap="1" count="7"/>
      <line num="64" type="stmt" count="7"/>
      <line num="73" type="method" name="page" crap="1" count="10"/>
      <line num="74" type="stmt" count="10"/>
      <line num="83" type="method" name="screen" crap="1" count="3"/>
      <line num="84" type="stmt" count="3"/>
      <line num="93" type="method" name="alias" crap="1" count="4"/>
      <line num="94" type="stmt" count="4"/>
      <line num="102" type="method" name="enqueue" crap="3.21" count="42"/>
      <line num="104" type="stmt" count="42"/>
      <line num="106" type="stmt" count="42"/>
      <line num="107" type="stmt" count="0"/>
      <line num="110" type="stmt" count="42"/>
      <line num="112" type="stmt" count="42"/>
      <line num="113" type="stmt" count="0"/>
      <line num="116" type="stmt" count="42"/>
      <line num="123" type="method" name="flush" crap="3" count="24"/>
      <line num="125" type="stmt" count="24"/>
      <line num="126" type="stmt" count="24"/>
      <line num="128" type="stmt" count="24"/>
      <line num="130" type="stmt" count="23"/>
      <line num="131" type="stmt" count="23"/>
      <line num="133" type="stmt" count="22"/>
      <line num="134" type="stmt" count="22"/>
      <line num="136" type="stmt" count="24"/>
      <line num="146" type="method" name="payload" crap="1" count="21"/>
      <line num="148" type="stmt" count="21"/>
      <line num="149" type="stmt" count="21"/>
      <line num="150" type="stmt" count="21"/>
      <line num="158" type="method" name="flushBatch" crap="1" count="0"/>
      <metrics loc="159" ncloc="92" classes="1" methods="11" coveredmethods="10" conditionals="0" coveredconditionals="0" statements="35" coveredstatements="33" elements="46" coveredelements="43"/>
    </file>
    <metrics files="8" loc="1163" ncloc="708" classes="8" methods="63" coveredmethods="50" conditionals="0" coveredconditionals="0" statements="362" coveredstatements="287" elements="425" coveredelements="337"/>
  </project>
</coverage>
